[2020-03-21T10:17:21.774] [DEBUG] cheese - login => username:ww,password:123456
[2020-03-21T10:17:21.777] [DEBUG] cheese - ww
[2020-03-21T10:17:22.206] [DEBUG] cheese - null
[2020-03-21T10:17:22.207] [DEBUG] cheese - null
[2020-03-21T10:17:45.872] [DEBUG] cheese - login => username:zce,password:123456
[2020-03-21T10:17:45.872] [DEBUG] cheese - zce
[2020-03-21T10:17:45.875] [DEBUG] cheese - null
[2020-03-21T10:17:45.875] [DEBUG] cheese - null
[2020-03-21T10:18:35.741] [DEBUG] cheese - login => username:admin,password:123456
[2020-03-21T10:18:35.741] [DEBUG] cheese - admin
[2020-03-21T10:18:35.757] [DEBUG] cheese - null
[2020-03-21T10:18:35.757] [DEBUG] cheese - null
[2020-03-21T10:18:37.854] [DEBUG] cheese - login => username:admin,password:123456
[2020-03-21T10:18:37.854] [DEBUG] cheese - admin
[2020-03-21T10:18:37.858] [DEBUG] cheese - null
[2020-03-21T10:18:37.858] [DEBUG] cheese - null
[2020-03-21T10:19:04.805] [DEBUG] cheese - login => username:admin,password:123456
[2020-03-21T10:19:04.805] [DEBUG] cheese - admin
[2020-03-21T10:19:04.811] [DEBUG] cheese - null
[2020-03-21T10:19:04.811] [DEBUG] cheese - null
[2020-03-21T10:19:25.449] [DEBUG] cheese - login => username:admin,password:123456
[2020-03-21T10:19:25.450] [DEBUG] cheese - admin
[2020-03-21T10:19:25.453] [DEBUG] cheese - null
[2020-03-21T10:19:25.453] [DEBUG] cheese - null
[2020-03-21T10:19:33.141] [DEBUG] cheese - login => username:admin,password:123456
[2020-03-21T10:19:33.141] [DEBUG] cheese - admin
[2020-03-21T10:19:33.144] [DEBUG] cheese - null
[2020-03-21T10:19:33.144] [DEBUG] cheese - null
[2020-03-21T10:46:58.454] [DEBUG] cheese - login => username:admin,password:123456
[2020-03-21T10:46:58.454] [DEBUG] cheese - admin
[2020-03-21T10:46:59.107] [DEBUG] cheese - null
[2020-03-21T10:46:59.107] [DEBUG] cheese - null
[2020-03-21T11:44:14.456] [DEBUG] cheese - login => username:admin,password:123456
[2020-03-21T11:44:14.456] [DEBUG] cheese - admin
[2020-03-21T11:44:14.467] [DEBUG] cheese - null
[2020-03-21T11:44:14.467] [DEBUG] cheese - null
[2020-03-21T11:44:22.195] [DEBUG] cheese - login => username:admin1,password:123456
[2020-03-21T11:44:22.196] [DEBUG] cheese - admin1
[2020-03-21T11:44:22.228] [DEBUG] cheese - null
[2020-03-21T11:44:22.228] [DEBUG] cheese - null
[2020-03-21T11:44:25.924] [DEBUG] cheese - login => username:admin123,password:123456
[2020-03-21T11:44:25.925] [DEBUG] cheese - admin123
[2020-03-21T11:44:25.934] [DEBUG] cheese - null
[2020-03-21T11:44:25.934] [DEBUG] cheese - null
[2020-03-21T11:44:30.725] [DEBUG] cheese - login => username:admin,password:123456
[2020-03-21T11:44:30.725] [DEBUG] cheese - admin
[2020-03-21T11:44:30.738] [DEBUG] cheese - null
[2020-03-21T11:44:30.738] [DEBUG] cheese - null
[2020-03-21T14:34:50.616] [DEBUG] cheese - login => username:admin,password:123456
[2020-03-21T14:34:50.618] [DEBUG] cheese - admin
[2020-03-21T14:34:51.092] [DEBUG] cheese - null
[2020-03-21T14:34:51.093] [DEBUG] cheese - null
[2020-03-21T16:43:19.202] [DEBUG] cheese - login => username:admin,password:123456
[2020-03-21T16:43:19.202] [DEBUG] cheese - admin
[2020-03-21T16:43:19.208] [DEBUG] cheese - null
[2020-03-21T16:43:19.208] [DEBUG] cheese - null
[2020-03-21T16:55:31.235] [DEBUG] cheese - login => username:admin,password:123456
[2020-03-21T16:55:31.235] [DEBUG] cheese - admin
[2020-03-21T16:55:31.242] [DEBUG] cheese - null
[2020-03-21T16:55:31.242] [DEBUG] cheese - null
[2020-03-21T16:55:40.464] [DEBUG] cheese - login => username:admin12,password:123456
[2020-03-21T16:55:40.464] [DEBUG] cheese - admin12
[2020-03-21T16:55:40.582] [DEBUG] cheese - null
[2020-03-21T16:55:40.582] [DEBUG] cheese - null
[2020-03-21T16:55:47.309] [DEBUG] cheese - login => username:admin,password:12345678
[2020-03-21T16:55:47.310] [DEBUG] cheese - admin
[2020-03-21T16:55:47.315] [DEBUG] cheese - null
[2020-03-21T16:55:47.316] [DEBUG] cheese - null
[2020-03-21T16:55:52.719] [DEBUG] cheese - login => username:admin,password:123456
[2020-03-21T16:55:52.720] [DEBUG] cheese - admin
[2020-03-21T16:55:52.725] [DEBUG] cheese - null
[2020-03-21T16:55:52.725] [DEBUG] cheese - null
[2020-03-22T08:06:00.143] [DEBUG] cheese - login => username:admin,password:123456
[2020-03-22T08:06:00.166] [DEBUG] cheese - admin
[2020-03-22T08:06:00.257] [DEBUG] cheese - null
[2020-03-22T08:06:00.258] [DEBUG] cheese - null
[2020-03-22T08:06:13.700] [DEBUG] cheese - login => username:admin,password:123456
[2020-03-22T08:06:13.700] [DEBUG] cheese - admin
[2020-03-22T08:06:13.705] [DEBUG] cheese - null
[2020-03-22T08:06:13.705] [DEBUG] cheese - null
[2020-03-22T08:11:47.702] [DEBUG] cheese - login => username:admin1,password:123456
[2020-03-22T08:11:47.702] [DEBUG] cheese - admin1
[2020-03-22T08:11:47.714] [DEBUG] cheese - null
[2020-03-22T08:11:47.714] [DEBUG] cheese - null
[2020-03-22T08:11:55.238] [DEBUG] cheese - login => username:admin,password:12345678
[2020-03-22T08:11:55.239] [DEBUG] cheese - admin
[2020-03-22T08:11:55.243] [DEBUG] cheese - null
[2020-03-22T08:11:55.243] [DEBUG] cheese - null
[2020-03-22T08:12:02.235] [DEBUG] cheese - login => username:admin,password:123456
[2020-03-22T08:12:02.235] [DEBUG] cheese - admin
[2020-03-22T08:12:02.241] [DEBUG] cheese - null
[2020-03-22T08:12:02.242] [DEBUG] cheese - null
[2020-03-22T09:02:35.492] [DEBUG] cheese - login => username:admin,password:123456
[2020-03-22T09:02:35.505] [DEBUG] cheese - admin
[2020-03-22T09:02:36.034] [DEBUG] cheese - null
[2020-03-22T09:02:36.035] [DEBUG] cheese - null
[2020-03-22T09:07:28.720] [DEBUG] cheese - login => username:admin,password:123456
[2020-03-22T09:07:28.721] [DEBUG] cheese - admin
[2020-03-22T09:07:28.727] [DEBUG] cheese - null
[2020-03-22T09:07:28.727] [DEBUG] cheese - null
[2020-03-22T09:07:45.023] [DEBUG] cheese - login => username:admin,password:123456
[2020-03-22T09:07:45.023] [DEBUG] cheese - admin
[2020-03-22T09:07:45.027] [DEBUG] cheese - null
[2020-03-22T09:07:45.027] [DEBUG] cheese - null
[2020-03-22T09:48:10.941] [DEBUG] cheese - login => username:admin,password:123456
[2020-03-22T09:48:10.942] [DEBUG] cheese - admin
[2020-03-22T09:48:10.949] [DEBUG] cheese - null
[2020-03-22T09:48:10.949] [DEBUG] cheese - null
[2020-03-22T09:49:22.583] [DEBUG] cheese - login => username:admin,password:123456
[2020-03-22T09:49:22.583] [DEBUG] cheese - admin
[2020-03-22T09:49:22.588] [DEBUG] cheese - null
[2020-03-22T09:49:22.588] [DEBUG] cheese - null
[2020-03-22T09:51:10.328] [DEBUG] cheese - login => username:admin,password:123456
[2020-03-22T09:51:10.328] [DEBUG] cheese - admin
[2020-03-22T09:51:10.332] [DEBUG] cheese - null
[2020-03-22T09:51:10.332] [DEBUG] cheese - null
[2020-03-22T09:51:12.131] [DEBUG] cheese - login => username:admin,password:123456
[2020-03-22T09:51:12.132] [DEBUG] cheese - admin
[2020-03-22T09:51:12.135] [DEBUG] cheese - null
[2020-03-22T09:51:12.135] [DEBUG] cheese - null
[2020-03-22T09:51:13.260] [DEBUG] cheese - login => username:admin,password:123456
[2020-03-22T09:51:13.261] [DEBUG] cheese - admin
[2020-03-22T09:51:13.265] [DEBUG] cheese - null
[2020-03-22T09:51:13.265] [DEBUG] cheese - null
[2020-03-22T09:51:14.275] [DEBUG] cheese - login => username:admin,password:123456
[2020-03-22T09:51:14.275] [DEBUG] cheese - admin
[2020-03-22T09:51:14.287] [DEBUG] cheese - null
[2020-03-22T09:51:14.287] [DEBUG] cheese - null
[2020-03-22T09:51:18.741] [DEBUG] cheese - login => username:admin123,password:123456
[2020-03-22T09:51:18.741] [DEBUG] cheese - admin123
[2020-03-22T09:51:18.744] [DEBUG] cheese - null
[2020-03-22T09:51:18.744] [DEBUG] cheese - null
[2020-03-22T09:53:13.156] [DEBUG] cheese - login => username:admin,password:123456
[2020-03-22T09:53:13.156] [DEBUG] cheese - admin
[2020-03-22T09:53:13.160] [DEBUG] cheese - null
[2020-03-22T09:53:13.161] [DEBUG] cheese - null
[2020-03-22T09:53:17.099] [DEBUG] cheese - login => username:admin,password:123456
[2020-03-22T09:53:17.100] [DEBUG] cheese - admin
[2020-03-22T09:53:17.104] [DEBUG] cheese - null
[2020-03-22T09:53:17.104] [DEBUG] cheese - null
[2020-03-22T09:53:21.824] [DEBUG] cheese - login => username:admin,password:123456
[2020-03-22T09:53:21.824] [DEBUG] cheese - admin
[2020-03-22T09:53:21.836] [DEBUG] cheese - null
[2020-03-22T09:53:21.836] [DEBUG] cheese - null
[2020-03-22T09:53:58.693] [DEBUG] cheese - login => username:admin,password:123456
[2020-03-22T09:53:58.693] [DEBUG] cheese - admin
[2020-03-22T09:53:58.697] [DEBUG] cheese - null
[2020-03-22T09:53:58.697] [DEBUG] cheese - null
[2020-03-22T09:54:01.750] [DEBUG] cheese - login => username:admin,password:123456
[2020-03-22T09:54:01.750] [DEBUG] cheese - admin
[2020-03-22T09:54:01.754] [DEBUG] cheese - null
[2020-03-22T09:54:01.754] [DEBUG] cheese - null
[2020-03-22T09:54:03.976] [DEBUG] cheese - login => username:admin,password:123456
[2020-03-22T09:54:03.976] [DEBUG] cheese - admin
[2020-03-22T09:54:03.981] [DEBUG] cheese - null
[2020-03-22T09:54:03.981] [DEBUG] cheese - null
[2020-03-22T09:54:07.525] [DEBUG] cheese - login => username:admin123,password:123456
[2020-03-22T09:54:07.525] [DEBUG] cheese - admin123
[2020-03-22T09:54:07.529] [DEBUG] cheese - null
[2020-03-22T09:54:07.530] [DEBUG] cheese - null
[2020-03-22T09:54:12.884] [DEBUG] cheese - login => username:admin,password:123456
[2020-03-22T09:54:12.884] [DEBUG] cheese - admin
[2020-03-22T09:54:12.888] [DEBUG] cheese - null
[2020-03-22T09:54:12.888] [DEBUG] cheese - null
[2020-03-22T09:54:25.636] [DEBUG] cheese - login => username:admin,password:123456
[2020-03-22T09:54:25.636] [DEBUG] cheese - admin
[2020-03-22T09:54:25.643] [DEBUG] cheese - null
[2020-03-22T09:54:25.643] [DEBUG] cheese - null
[2020-03-22T09:54:29.580] [DEBUG] cheese - login => username:admin,password:123456
[2020-03-22T09:54:29.580] [DEBUG] cheese - admin
[2020-03-22T09:54:29.583] [DEBUG] cheese - null
[2020-03-22T09:54:29.583] [DEBUG] cheese - null
[2020-03-22T09:54:34.610] [DEBUG] cheese - login => username:admin123,password:123456
[2020-03-22T09:54:34.611] [DEBUG] cheese - admin123
[2020-03-22T09:54:34.621] [DEBUG] cheese - null
[2020-03-22T09:54:34.622] [DEBUG] cheese - null
[2020-03-22T09:54:46.995] [DEBUG] cheese - login => username:admin,password:12345678
[2020-03-22T09:54:46.995] [DEBUG] cheese - admin
[2020-03-22T09:54:47.001] [DEBUG] cheese - null
[2020-03-22T09:54:47.001] [DEBUG] cheese - null
[2020-03-22T09:54:53.331] [DEBUG] cheese - login => username:admin,password:123456
[2020-03-22T09:54:53.331] [DEBUG] cheese - admin
[2020-03-22T09:54:53.336] [DEBUG] cheese - null
[2020-03-22T09:54:53.336] [DEBUG] cheese - null
[2020-03-22T10:03:28.978] [DEBUG] cheese - login => username:admin,password:123456
[2020-03-22T10:03:28.978] [DEBUG] cheese - admin
[2020-03-22T10:03:28.996] [DEBUG] cheese - null
[2020-03-22T10:03:28.996] [DEBUG] cheese - null
[2020-03-22T10:03:33.063] [DEBUG] cheese - login => username:admin,password:123456
[2020-03-22T10:03:33.064] [DEBUG] cheese - admin
[2020-03-22T10:03:33.068] [DEBUG] cheese - null
[2020-03-22T10:03:33.068] [DEBUG] cheese - null
[2020-03-22T10:04:05.195] [DEBUG] cheese - login => username:admin,password:123456
[2020-03-22T10:04:05.196] [DEBUG] cheese - admin
[2020-03-22T10:04:05.205] [DEBUG] cheese - null
[2020-03-22T10:04:05.205] [DEBUG] cheese - null
[2020-03-22T10:04:11.542] [DEBUG] cheese - login => username:admin,password:123456
[2020-03-22T10:04:11.543] [DEBUG] cheese - admin
[2020-03-22T10:04:11.546] [DEBUG] cheese - null
[2020-03-22T10:04:11.546] [DEBUG] cheese - null
[2020-03-22T10:06:08.239] [DEBUG] cheese - login => username:admin,password:123456
[2020-03-22T10:06:08.239] [DEBUG] cheese - admin
[2020-03-22T10:06:08.247] [DEBUG] cheese - null
[2020-03-22T10:06:08.247] [DEBUG] cheese - null
[2020-03-22T10:07:35.028] [DEBUG] cheese - login => username:admin,password:123456
[2020-03-22T10:07:35.029] [DEBUG] cheese - admin
[2020-03-22T10:07:35.042] [DEBUG] cheese - null
[2020-03-22T10:07:35.042] [DEBUG] cheese - null
[2020-03-22T10:07:50.567] [DEBUG] cheese - login => username:admin,password:123456
[2020-03-22T10:07:50.567] [DEBUG] cheese - admin
[2020-03-22T10:07:50.573] [DEBUG] cheese - null
[2020-03-22T10:07:50.574] [DEBUG] cheese - null
[2020-03-22T10:10:47.637] [DEBUG] cheese - login => username:admin,password:123456
[2020-03-22T10:10:47.638] [DEBUG] cheese - admin
[2020-03-22T10:10:47.644] [DEBUG] cheese - null
[2020-03-22T10:10:47.644] [DEBUG] cheese - null
[2020-03-22T10:11:55.415] [DEBUG] cheese - login => username:admin12,password:123456
[2020-03-22T10:11:55.415] [DEBUG] cheese - admin12
[2020-03-22T10:11:55.531] [DEBUG] cheese - null
[2020-03-22T10:11:55.531] [DEBUG] cheese - null
[2020-03-22T10:11:59.123] [DEBUG] cheese - login => username:admin,password:123456
[2020-03-22T10:11:59.124] [DEBUG] cheese - admin
[2020-03-22T10:11:59.128] [DEBUG] cheese - null
[2020-03-22T10:11:59.128] [DEBUG] cheese - null
[2020-03-22T10:12:17.903] [DEBUG] cheese - login => username:admin,password:123456
[2020-03-22T10:12:17.903] [DEBUG] cheese - admin
[2020-03-22T10:12:17.906] [DEBUG] cheese - null
[2020-03-22T10:12:17.906] [DEBUG] cheese - null
[2020-03-22T10:29:55.140] [DEBUG] cheese - login => username:admin,password:123456
[2020-03-22T10:29:55.167] [DEBUG] cheese - admin
[2020-03-22T10:29:55.620] [DEBUG] cheese - null
[2020-03-22T10:29:55.621] [DEBUG] cheese - null
[2020-03-22T10:30:04.808] [DEBUG] cheese - login => username:admin,password:123456
[2020-03-22T10:30:04.809] [DEBUG] cheese - admin
[2020-03-22T10:30:04.813] [DEBUG] cheese - null
[2020-03-22T10:30:04.813] [DEBUG] cheese - null
[2020-03-22T10:30:11.695] [DEBUG] cheese - login => username:admin,password:123456
[2020-03-22T10:30:11.696] [DEBUG] cheese - admin
[2020-03-22T10:30:11.703] [DEBUG] cheese - null
[2020-03-22T10:30:11.703] [DEBUG] cheese - null
[2020-03-22T10:30:58.960] [DEBUG] cheese - login => username:admin,password:123456
[2020-03-22T10:30:58.960] [DEBUG] cheese - admin
[2020-03-22T10:30:58.964] [DEBUG] cheese - null
[2020-03-22T10:30:58.964] [DEBUG] cheese - null
[2020-03-22T10:31:24.727] [DEBUG] cheese - login => username:admin,password:123456
[2020-03-22T10:31:24.727] [DEBUG] cheese - admin
[2020-03-22T10:31:24.730] [DEBUG] cheese - null
[2020-03-22T10:31:24.730] [DEBUG] cheese - null
[2020-03-22T10:31:29.954] [DEBUG] cheese - login => username:admin,password:123456
[2020-03-22T10:31:29.954] [DEBUG] cheese - admin
[2020-03-22T10:31:29.958] [DEBUG] cheese - null
[2020-03-22T10:31:29.958] [DEBUG] cheese - null
[2020-03-22T10:32:02.672] [DEBUG] cheese - login => username:admin,password:123456
[2020-03-22T10:32:02.672] [DEBUG] cheese - admin
[2020-03-22T10:32:02.677] [DEBUG] cheese - null
[2020-03-22T10:32:02.677] [DEBUG] cheese - null
[2020-03-22T10:38:55.804] [DEBUG] cheese - login => username:admin,password:123456
[2020-03-22T10:38:55.804] [DEBUG] cheese - admin
[2020-03-22T10:38:55.808] [DEBUG] cheese - null
[2020-03-22T10:38:55.808] [DEBUG] cheese - null
[2020-03-22T10:39:03.419] [DEBUG] cheese - login => username:admin,password:123456
[2020-03-22T10:39:03.420] [DEBUG] cheese - admin
[2020-03-22T10:39:03.423] [DEBUG] cheese - null
[2020-03-22T10:39:03.424] [DEBUG] cheese - null
[2020-03-22T10:40:50.462] [DEBUG] cheese - login => username:admin,password:123456
[2020-03-22T10:40:50.463] [DEBUG] cheese - admin
[2020-03-22T10:40:50.470] [DEBUG] cheese - null
[2020-03-22T10:40:50.470] [DEBUG] cheese - null
[2020-03-22T10:40:54.388] [DEBUG] cheese - login => username:admin,password:123456
[2020-03-22T10:40:54.398] [DEBUG] cheese - admin
[2020-03-22T10:40:54.411] [DEBUG] cheese - null
[2020-03-22T10:40:54.412] [DEBUG] cheese - null
[2020-03-22T10:41:58.483] [DEBUG] cheese - login => username:admin,password:123456
[2020-03-22T10:41:58.483] [DEBUG] cheese - admin
[2020-03-22T10:41:58.488] [DEBUG] cheese - null
[2020-03-22T10:41:58.488] [DEBUG] cheese - null
[2020-03-22T10:41:59.558] [DEBUG] cheese - login => username:admin,password:123456
[2020-03-22T10:41:59.559] [DEBUG] cheese - admin
[2020-03-22T10:41:59.576] [DEBUG] cheese - null
[2020-03-22T10:41:59.577] [DEBUG] cheese - null
[2020-03-22T10:42:09.610] [DEBUG] cheese - login => username:admin,password:123456
[2020-03-22T10:42:09.610] [DEBUG] cheese - admin
[2020-03-22T10:42:09.620] [DEBUG] cheese - null
[2020-03-22T10:42:09.620] [DEBUG] cheese - null
[2020-03-22T10:42:10.720] [DEBUG] cheese - login => username:admin,password:123456
[2020-03-22T10:42:10.720] [DEBUG] cheese - admin
[2020-03-22T10:42:10.734] [DEBUG] cheese - null
[2020-03-22T10:42:10.735] [DEBUG] cheese - null
[2020-03-22T10:42:11.850] [DEBUG] cheese - login => username:admin,password:123456
[2020-03-22T10:42:11.850] [DEBUG] cheese - admin
[2020-03-22T10:42:11.857] [DEBUG] cheese - null
[2020-03-22T10:42:11.857] [DEBUG] cheese - null
[2020-03-22T10:42:12.668] [DEBUG] cheese - login => username:admin,password:123456
[2020-03-22T10:42:12.668] [DEBUG] cheese - admin
[2020-03-22T10:42:12.673] [DEBUG] cheese - null
[2020-03-22T10:42:12.673] [DEBUG] cheese - null
[2020-03-22T10:42:13.630] [DEBUG] cheese - login => username:admin,password:123456
[2020-03-22T10:42:13.630] [DEBUG] cheese - admin
[2020-03-22T10:42:13.633] [DEBUG] cheese - null
[2020-03-22T10:42:13.634] [DEBUG] cheese - null
[2020-03-22T10:42:14.323] [DEBUG] cheese - login => username:admin,password:123456
[2020-03-22T10:42:14.323] [DEBUG] cheese - admin
[2020-03-22T10:42:14.334] [DEBUG] cheese - null
[2020-03-22T10:42:14.334] [DEBUG] cheese - null
[2020-03-22T10:42:14.573] [DEBUG] cheese - login => username:admin,password:123456
[2020-03-22T10:42:14.573] [DEBUG] cheese - admin
[2020-03-22T10:42:14.577] [DEBUG] cheese - null
[2020-03-22T10:42:14.577] [DEBUG] cheese - null
[2020-03-22T10:42:14.844] [DEBUG] cheese - login => username:admin,password:123456
[2020-03-22T10:42:14.844] [DEBUG] cheese - admin
[2020-03-22T10:42:14.848] [DEBUG] cheese - null
[2020-03-22T10:42:14.849] [DEBUG] cheese - null
[2020-03-22T10:42:17.947] [DEBUG] cheese - login => username:admin,password:123456
[2020-03-22T10:42:17.947] [DEBUG] cheese - admin
[2020-03-22T10:42:17.950] [DEBUG] cheese - null
[2020-03-22T10:42:17.950] [DEBUG] cheese - null
[2020-03-22T10:42:29.484] [DEBUG] cheese - login => username:admin,password:123456
[2020-03-22T10:42:29.484] [DEBUG] cheese - admin
[2020-03-22T10:42:29.487] [DEBUG] cheese - null
[2020-03-22T10:42:29.487] [DEBUG] cheese - null
[2020-03-22T10:44:17.924] [DEBUG] cheese - login => username:admin,password:admin321
[2020-03-22T10:44:17.924] [DEBUG] cheese - admin
[2020-03-22T10:44:17.928] [DEBUG] cheese - null
[2020-03-22T10:44:17.928] [DEBUG] cheese - null
[2020-03-22T10:44:52.372] [DEBUG] cheese - login => username:admin,password:admin321
[2020-03-22T10:44:52.372] [DEBUG] cheese - admin
[2020-03-22T10:44:52.377] [DEBUG] cheese - null
[2020-03-22T10:44:52.377] [DEBUG] cheese - null
[2020-03-22T10:44:53.428] [DEBUG] cheese - login => username:admin,password:admin321
[2020-03-22T10:44:53.428] [DEBUG] cheese - admin
[2020-03-22T10:44:53.432] [DEBUG] cheese - null
[2020-03-22T10:44:53.432] [DEBUG] cheese - null
[2020-03-22T10:44:54.580] [DEBUG] cheese - login => username:admin,password:admin321
[2020-03-22T10:44:54.580] [DEBUG] cheese - admin
[2020-03-22T10:44:54.591] [DEBUG] cheese - null
[2020-03-22T10:44:54.591] [DEBUG] cheese - null
[2020-03-22T10:44:55.412] [DEBUG] cheese - login => username:admin,password:admin321
[2020-03-22T10:44:55.412] [DEBUG] cheese - admin
[2020-03-22T10:44:55.424] [DEBUG] cheese - null
[2020-03-22T10:44:55.424] [DEBUG] cheese - null
[2020-03-22T10:44:56.133] [DEBUG] cheese - login => username:admin,password:admin321
[2020-03-22T10:44:56.134] [DEBUG] cheese - admin
[2020-03-22T10:44:56.140] [DEBUG] cheese - null
[2020-03-22T10:44:56.140] [DEBUG] cheese - null
[2020-03-22T10:44:56.899] [DEBUG] cheese - login => username:admin,password:admin321
[2020-03-22T10:44:56.899] [DEBUG] cheese - admin
[2020-03-22T10:44:56.903] [DEBUG] cheese - null
[2020-03-22T10:44:56.903] [DEBUG] cheese - null
[2020-03-22T10:44:57.702] [DEBUG] cheese - login => username:admin,password:admin321
[2020-03-22T10:44:57.702] [DEBUG] cheese - admin
[2020-03-22T10:44:57.705] [DEBUG] cheese - null
[2020-03-22T10:44:57.705] [DEBUG] cheese - null
[2020-03-22T10:45:05.087] [DEBUG] cheese - login => username:admin,password:123456
[2020-03-22T10:45:05.088] [DEBUG] cheese - admin
[2020-03-22T10:45:05.091] [DEBUG] cheese - null
[2020-03-22T10:45:05.099] [DEBUG] cheese - null
[2020-03-22T10:45:06.221] [DEBUG] cheese - login => username:admin,password:123456
[2020-03-22T10:45:06.221] [DEBUG] cheese - admin
[2020-03-22T10:45:06.225] [DEBUG] cheese - null
[2020-03-22T10:45:06.225] [DEBUG] cheese - null
[2020-03-22T10:45:06.877] [DEBUG] cheese - login => username:admin,password:123456
[2020-03-22T10:45:06.877] [DEBUG] cheese - admin
[2020-03-22T10:45:06.881] [DEBUG] cheese - null
[2020-03-22T10:45:06.881] [DEBUG] cheese - null
[2020-03-22T10:45:07.141] [DEBUG] cheese - login => username:admin,password:123456
[2020-03-22T10:45:07.141] [DEBUG] cheese - admin
[2020-03-22T10:45:07.145] [DEBUG] cheese - null
[2020-03-22T10:45:07.145] [DEBUG] cheese - null
[2020-03-22T10:45:07.342] [DEBUG] cheese - login => username:admin,password:123456
[2020-03-22T10:45:07.342] [DEBUG] cheese - admin
[2020-03-22T10:45:07.345] [DEBUG] cheese - null
[2020-03-22T10:45:07.345] [DEBUG] cheese - null
[2020-03-22T10:45:07.536] [DEBUG] cheese - login => username:admin,password:123456
[2020-03-22T10:45:07.536] [DEBUG] cheese - admin
[2020-03-22T10:45:07.540] [DEBUG] cheese - null
[2020-03-22T10:45:07.541] [DEBUG] cheese - null
[2020-03-22T10:48:09.222] [DEBUG] cheese - login => username:admin,password:123456
[2020-03-22T10:48:09.222] [DEBUG] cheese - admin
[2020-03-22T10:48:09.232] [DEBUG] cheese - null
[2020-03-22T10:48:09.233] [DEBUG] cheese - null
[2020-03-22T10:48:14.567] [DEBUG] cheese - login => username:admin,password:123456
[2020-03-22T10:48:14.567] [DEBUG] cheese - admin
[2020-03-22T10:48:14.584] [DEBUG] cheese - null
[2020-03-22T10:48:14.584] [DEBUG] cheese - null
[2020-03-22T10:48:28.263] [DEBUG] cheese - login => username:admin,password:123456
[2020-03-22T10:48:28.264] [DEBUG] cheese - admin
[2020-03-22T10:48:28.267] [DEBUG] cheese - null
[2020-03-22T10:48:28.267] [DEBUG] cheese - null
[2020-03-22T10:48:36.537] [DEBUG] cheese - login => username:admin,password:123456
[2020-03-22T10:48:36.538] [DEBUG] cheese - admin
[2020-03-22T10:48:36.564] [DEBUG] cheese - null
[2020-03-22T10:48:36.564] [DEBUG] cheese - null
[2020-03-22T10:49:36.750] [DEBUG] cheese - login => username:admin,password:123456
[2020-03-22T10:49:36.750] [DEBUG] cheese - admin
[2020-03-22T10:49:36.753] [DEBUG] cheese - null
[2020-03-22T10:49:36.754] [DEBUG] cheese - null
[2020-03-22T10:49:38.039] [DEBUG] cheese - login => username:admin,password:123456
[2020-03-22T10:49:38.039] [DEBUG] cheese - admin
[2020-03-22T10:49:38.045] [DEBUG] cheese - null
[2020-03-22T10:49:38.045] [DEBUG] cheese - null
[2020-03-22T10:49:39.344] [DEBUG] cheese - login => username:admin,password:123456
[2020-03-22T10:49:39.345] [DEBUG] cheese - admin
[2020-03-22T10:49:39.349] [DEBUG] cheese - null
[2020-03-22T10:49:39.349] [DEBUG] cheese - null
[2020-03-22T10:49:50.072] [DEBUG] cheese - login => username:admin,password:123456
[2020-03-22T10:49:50.072] [DEBUG] cheese - admin
[2020-03-22T10:49:50.078] [DEBUG] cheese - null
[2020-03-22T10:49:50.078] [DEBUG] cheese - null
[2020-03-22T10:52:13.975] [DEBUG] cheese - login => username:admin,password:123456
[2020-03-22T10:52:13.975] [DEBUG] cheese - admin
[2020-03-22T10:52:13.979] [DEBUG] cheese - null
[2020-03-22T10:52:13.979] [DEBUG] cheese - null
[2020-03-22T10:52:23.574] [DEBUG] cheese - login => username:admin,password:123456
[2020-03-22T10:52:23.574] [DEBUG] cheese - admin
[2020-03-22T10:52:23.578] [DEBUG] cheese - null
[2020-03-22T10:52:23.578] [DEBUG] cheese - null
[2020-03-22T10:55:13.184] [DEBUG] cheese - login => username:admin,password:123456
[2020-03-22T10:55:13.184] [DEBUG] cheese - admin
[2020-03-22T10:55:13.192] [DEBUG] cheese - null
[2020-03-22T10:55:13.192] [DEBUG] cheese - null
[2020-03-22T10:55:20.663] [DEBUG] cheese - login => username:admin,password:123456
[2020-03-22T10:55:20.663] [DEBUG] cheese - admin
[2020-03-22T10:55:20.672] [DEBUG] cheese - null
[2020-03-22T10:55:20.673] [DEBUG] cheese - null
[2020-03-22T10:55:25.102] [DEBUG] cheese - login => username:admin,password:123456
[2020-03-22T10:55:25.102] [DEBUG] cheese - admin
[2020-03-22T10:55:25.113] [DEBUG] cheese - null
[2020-03-22T10:55:25.113] [DEBUG] cheese - null
[2020-03-22T10:57:56.535] [DEBUG] cheese - login => username:admin,password:123456
[2020-03-22T10:57:56.535] [DEBUG] cheese - admin
[2020-03-22T10:57:56.555] [DEBUG] cheese - null
[2020-03-22T10:57:56.555] [DEBUG] cheese - null
[2020-03-22T10:58:54.790] [DEBUG] cheese - login => username:admin,password:123456
[2020-03-22T10:58:54.790] [DEBUG] cheese - admin
[2020-03-22T10:58:54.794] [DEBUG] cheese - null
[2020-03-22T10:58:54.794] [DEBUG] cheese - null
[2020-03-22T10:58:58.026] [DEBUG] cheese - login => username:admin,password:123456
[2020-03-22T10:58:58.026] [DEBUG] cheese - admin
[2020-03-22T10:58:58.034] [DEBUG] cheese - null
[2020-03-22T10:58:58.034] [DEBUG] cheese - null
[2020-03-22T11:09:04.297] [DEBUG] cheese - login => username:admin,password:123456
[2020-03-22T11:09:04.297] [DEBUG] cheese - admin
[2020-03-22T11:09:04.303] [DEBUG] cheese - null
[2020-03-22T11:09:04.303] [DEBUG] cheese - null
[2020-03-22T11:09:07.590] [DEBUG] cheese - login => username:admin,password:123456
[2020-03-22T11:09:07.590] [DEBUG] cheese - admin
[2020-03-22T11:09:07.594] [DEBUG] cheese - null
[2020-03-22T11:09:07.594] [DEBUG] cheese - null
[2020-03-22T11:10:22.245] [DEBUG] cheese - login => username:admin,password:123456
[2020-03-22T11:10:22.245] [DEBUG] cheese - admin
[2020-03-22T11:10:22.249] [DEBUG] cheese - null
[2020-03-22T11:10:22.249] [DEBUG] cheese - null
[2020-03-22T11:29:27.107] [DEBUG] cheese - login => username:admin,password:123456
[2020-03-22T11:29:27.107] [DEBUG] cheese - admin
[2020-03-22T11:29:27.113] [DEBUG] cheese - null
[2020-03-22T11:29:27.114] [DEBUG] cheese - null
